Terminais sem uso na gramática

   ARROW
   RESERVED


Gramática

    0 $accept: Program $end

    1 Program: CLASS ID LBRACE Declarations RBRACE

    2 Declarations: %empty
    3             | Declarations MethodDecl
    4             | Declarations FieldDecl
    5             | Declarations SEMICOLON

    6 MethodDecl: PUBLIC STATIC MethodHeader MethodBody

    7 FieldDecl: PUBLIC STATIC Type ID CommaID SEMICOLON
    8          | error SEMICOLON

    9 CommaID: %empty
   10        | CommaID COMMA ID

   11 Type: BOOL
   12     | INT
   13     | DOUBLE

   14 MethodHeader: Type ID LPAR FormalParams RPAR
   15             | Type ID LPAR RPAR
   16             | VOID ID LPAR FormalParams RPAR
   17             | VOID ID LPAR RPAR

   18 FormalParams: Type ID CommaTypeID
   19             | STRING LSQ RSQ ID

   20 CommaTypeID: %empty
   21            | CommaTypeID COMMA Type ID

   22 MethodBody: LBRACE StatementOrVardecl RBRACE

   23 StatementOrVardecl: %empty
   24                   | StatementOrVardecl Statement
   25                   | StatementOrVardecl VarDecl

   26 VarDecl: Type ID CommaID SEMICOLON

   27 Statement: LBRACE Statements RBRACE
   28          | IF LPAR Expr RPAR Statement
   29          | IF LPAR Expr RPAR Statement ELSE Statement
   30          | WHILE LPAR Expr RPAR Statement
   31          | RETURN Expr SEMICOLON
   32          | RETURN SEMICOLON
   33          | MethodInvocation SEMICOLON
   34          | Assignment SEMICOLON
   35          | ParseArgs SEMICOLON
   36          | SEMICOLON
   37          | PRINT LPAR Expr RPAR SEMICOLON
   38          | PRINT LPAR STRLIT RPAR SEMICOLON
   39          | error SEMICOLON

   40 Statements: %empty
   41           | Statements Statement

   42 MethodInvocation: ID LPAR Expr CommaExpr RPAR
   43                 | ID LPAR RPAR
   44                 | ID LPAR error RPAR

   45 CommaExpr: %empty
   46          | CommaExpr COMMA Expr

   47 Assignment: ID ASSIGN Expr

   48 ParseArgs: PARSEINT LPAR ID LSQ Expr RSQ RPAR
   49          | PARSEINT LPAR error RPAR

   50 Expr: Expr2
   51     | Assignment

   52 Expr2: Expr2 PLUS Expr2
   53      | Expr2 MINUS Expr2
   54      | Expr2 STAR Expr2
   55      | Expr2 DIV Expr2
   56      | Expr2 MOD Expr2
   57      | Expr2 AND Expr2
   58      | Expr2 OR Expr2
   59      | Expr2 XOR Expr2
   60      | Expr2 LSHIFT Expr2
   61      | Expr2 RSHIFT Expr2
   62      | Expr2 EQ Expr2
   63      | Expr2 GE Expr2
   64      | Expr2 GT Expr2
   65      | Expr2 LE Expr2
   66      | Expr2 LT Expr2
   67      | Expr2 NE Expr2
   68      | MINUS Expr2
   69      | NOT Expr2
   70      | PLUS Expr2
   71      | LPAR Expr RPAR
   72      | MethodInvocation
   73      | ParseArgs
   74      | ID DOTLENGTH
   75      | ID
   76      | INTLIT
   77      | REALLIT
   78      | BOOLLIT
   79      | LPAR error RPAR


Terminais, com as regras aonde aparecem

$end (0) 0
error (256) 8 39 44 49 79
ID (258) 1 7 10 14 15 16 17 18 19 21 26 42 43 44 47 48 74 75
INTLIT (259) 76
REALLIT (260) 77
STRLIT (261) 38
BOOLLIT (262) 78
AND (263) 57
ASSIGN (264) 47
STAR (265) 54
COMMA (266) 10 21 46
DIV (267) 55
EQ (268) 62
GE (269) 63
GT (270) 64
LBRACE (271) 1 22 27
LE (272) 65
LPAR (273) 14 15 16 17 28 29 30 37 38 42 43 44 48 49 71 79
LSQ (274) 19 48
LT (275) 66
MINUS (276) 53 68
MOD (277) 56
NE (278) 67
NOT (279) 69
OR (280) 58
PLUS (281) 52 70
RBRACE (282) 1 22 27
RPAR (283) 14 15 16 17 28 29 30 37 38 42 43 44 48 49 71 79
RSQ (284) 19 48
SEMICOLON (285) 5 7 8 26 31 32 33 34 35 36 37 38 39
ARROW (286)
LSHIFT (287) 60
RSHIFT (288) 61
XOR (289) 59
BOOL (290) 11
CLASS (291) 1
DOTLENGTH (292) 74
DOUBLE (293) 13
ELSE (294) 29
IF (295) 28 29
INT (296) 12
PRINT (297) 37 38
PARSEINT (298) 48 49
PUBLIC (299) 6 7
RETURN (300) 31 32
STATIC (301) 6 7
STRING (302) 19
VOID (303) 16 17
WHILE (304) 30
RESERVED (305)


Não-terminais, com as regras aonde aparecem

$accept (51)
    à esquerda: 0
Program (52)
    à esquerda: 1, à direita: 0
Declarations (53)
    à esquerda: 2 3 4 5, à direita: 1 3 4 5
MethodDecl (54)
    à esquerda: 6, à direita: 3
FieldDecl (55)
    à esquerda: 7 8, à direita: 4
CommaID (56)
    à esquerda: 9 10, à direita: 7 10 26
Type (57)
    à esquerda: 11 12 13, à direita: 7 14 15 18 21 26
MethodHeader (58)
    à esquerda: 14 15 16 17, à direita: 6
FormalParams (59)
    à esquerda: 18 19, à direita: 14 16
CommaTypeID (60)
    à esquerda: 20 21, à direita: 18 21
MethodBody (61)
    à esquerda: 22, à direita: 6
StatementOrVardecl (62)
    à esquerda: 23 24 25, à direita: 22 24 25
VarDecl (63)
    à esquerda: 26, à direita: 25
Statement (64)
    à esquerda: 27 28 29 30 31 32 33 34 35 36 37 38 39, à direita:
    24 28 29 30 41
Statements (65)
    à esquerda: 40 41, à direita: 27 41
MethodInvocation (66)
    à esquerda: 42 43 44, à direita: 33 72
CommaExpr (67)
    à esquerda: 45 46, à direita: 42 46
Assignment (68)
    à esquerda: 47, à direita: 34 51
ParseArgs (69)
    à esquerda: 48 49, à direita: 35 73
Expr (70)
    à esquerda: 50 51, à direita: 28 29 30 31 37 42 46 47 48 71
Expr2 (71)
    à esquerda: 52 53 54 55 56 57 58 59 60 61 62 63 64 65 66 67 68
    69 70 71 72 73 74 75 76 77 78 79, à direita: 50 52 53 54 55 56
    57 58 59 60 61 62 63 64 65 66 67 68 69 70


Estado0

    0 $accept: . Program $end

    CLASS  fazer shift, e ir para o estado 1

    Program  ir para o estado 2


Estado1

    1 Program: CLASS . ID LBRACE Declarations RBRACE

    ID  fazer shift, e ir para o estado 3


Estado2

    0 $accept: Program . $end

    $end  fazer shift, e ir para o estado 4


Estado3

    1 Program: CLASS ID . LBRACE Declarations RBRACE

    LBRACE  fazer shift, e ir para o estado 5


Estado4

    0 $accept: Program $end .

    $default  aceite


Estado5

    1 Program: CLASS ID LBRACE . Declarations RBRACE

    $default  reduzir usando a regra 2 (Declarations)

    Declarations  ir para o estado 6


Estado6

    1 Program: CLASS ID LBRACE Declarations . RBRACE
    3 Declarations: Declarations . MethodDecl
    4             | Declarations . FieldDecl
    5             | Declarations . SEMICOLON

    error      fazer shift, e ir para o estado 7
    RBRACE     fazer shift, e ir para o estado 8
    SEMICOLON  fazer shift, e ir para o estado 9
    PUBLIC     fazer shift, e ir para o estado 10

    MethodDecl  ir para o estado 11
    FieldDecl   ir para o estado 12


Estado7

    8 FieldDecl: error . SEMICOLON

    SEMICOLON  fazer shift, e ir para o estado 13


Estado8

    1 Program: CLASS ID LBRACE Declarations RBRACE .

    $default  reduzir usando a regra 1 (Program)


Estado9

    5 Declarations: Declarations SEMICOLON .

    $default  reduzir usando a regra 5 (Declarations)


Estado10

    6 MethodDecl: PUBLIC . STATIC MethodHeader MethodBody
    7 FieldDecl: PUBLIC . STATIC Type ID CommaID SEMICOLON

    STATIC  fazer shift, e ir para o estado 14


Estado11

    3 Declarations: Declarations MethodDecl .

    $default  reduzir usando a regra 3 (Declarations)


Estado12

    4 Declarations: Declarations FieldDecl .

    $default  reduzir usando a regra 4 (Declarations)


Estado13

    8 FieldDecl: error SEMICOLON .

    $default  reduzir usando a regra 8 (FieldDecl)


Estado14

    6 MethodDecl: PUBLIC STATIC . MethodHeader MethodBody
    7 FieldDecl: PUBLIC STATIC . Type ID CommaID SEMICOLON

    BOOL    fazer shift, e ir para o estado 15
    DOUBLE  fazer shift, e ir para o estado 16
    INT     fazer shift, e ir para o estado 17
    VOID    fazer shift, e ir para o estado 18

    Type          ir para o estado 19
    MethodHeader  ir para o estado 20


Estado15

   11 Type: BOOL .

    $default  reduzir usando a regra 11 (Type)


Estado16

   13 Type: DOUBLE .

    $default  reduzir usando a regra 13 (Type)


Estado17

   12 Type: INT .

    $default  reduzir usando a regra 12 (Type)


Estado18

   16 MethodHeader: VOID . ID LPAR FormalParams RPAR
   17             | VOID . ID LPAR RPAR

    ID  fazer shift, e ir para o estado 21


Estado19

    7 FieldDecl: PUBLIC STATIC Type . ID CommaID SEMICOLON
   14 MethodHeader: Type . ID LPAR FormalParams RPAR
   15             | Type . ID LPAR RPAR

    ID  fazer shift, e ir para o estado 22


Estado20

    6 MethodDecl: PUBLIC STATIC MethodHeader . MethodBody

    LBRACE  fazer shift, e ir para o estado 23

    MethodBody  ir para o estado 24


Estado21

   16 MethodHeader: VOID ID . LPAR FormalParams RPAR
   17             | VOID ID . LPAR RPAR

    LPAR  fazer shift, e ir para o estado 25


Estado22

    7 FieldDecl: PUBLIC STATIC Type ID . CommaID SEMICOLON
   14 MethodHeader: Type ID . LPAR FormalParams RPAR
   15             | Type ID . LPAR RPAR

    LPAR  fazer shift, e ir para o estado 26

    $default  reduzir usando a regra 9 (CommaID)

    CommaID  ir para o estado 27


Estado23

   22 MethodBody: LBRACE . StatementOrVardecl RBRACE

    $default  reduzir usando a regra 23 (StatementOrVardecl)

    StatementOrVardecl  ir para o estado 28


Estado24

    6 MethodDecl: PUBLIC STATIC MethodHeader MethodBody .

    $default  reduzir usando a regra 6 (MethodDecl)


Estado25

   16 MethodHeader: VOID ID LPAR . FormalParams RPAR
   17             | VOID ID LPAR . RPAR

    RPAR    fazer shift, e ir para o estado 29
    BOOL    fazer shift, e ir para o estado 15
    DOUBLE  fazer shift, e ir para o estado 16
    INT     fazer shift, e ir para o estado 17
    STRING  fazer shift, e ir para o estado 30

    Type          ir para o estado 31
    FormalParams  ir para o estado 32


Estado26

   14 MethodHeader: Type ID LPAR . FormalParams RPAR
   15             | Type ID LPAR . RPAR

    RPAR    fazer shift, e ir para o estado 33
    BOOL    fazer shift, e ir para o estado 15
    DOUBLE  fazer shift, e ir para o estado 16
    INT     fazer shift, e ir para o estado 17
    STRING  fazer shift, e ir para o estado 30

    Type          ir para o estado 31
    FormalParams  ir para o estado 34


Estado27

    7 FieldDecl: PUBLIC STATIC Type ID CommaID . SEMICOLON
   10 CommaID: CommaID . COMMA ID

    COMMA      fazer shift, e ir para o estado 35
    SEMICOLON  fazer shift, e ir para o estado 36


Estado28

   22 MethodBody: LBRACE StatementOrVardecl . RBRACE
   24 StatementOrVardecl: StatementOrVardecl . Statement
   25                   | StatementOrVardecl . VarDecl

    error      fazer shift, e ir para o estado 37
    ID         fazer shift, e ir para o estado 38
    LBRACE     fazer shift, e ir para o estado 39
    RBRACE     fazer shift, e ir para o estado 40
    SEMICOLON  fazer shift, e ir para o estado 41
    BOOL       fazer shift, e ir para o estado 15
    DOUBLE     fazer shift, e ir para o estado 16
    IF         fazer shift, e ir para o estado 42
    INT        fazer shift, e ir para o estado 17
    PRINT      fazer shift, e ir para o estado 43
    PARSEINT   fazer shift, e ir para o estado 44
    RETURN     fazer shift, e ir para o estado 45
    WHILE      fazer shift, e ir para o estado 46

    Type              ir para o estado 47
    VarDecl           ir para o estado 48
    Statement         ir para o estado 49
    MethodInvocation  ir para o estado 50
    Assignment        ir para o estado 51
    ParseArgs         ir para o estado 52


Estado29

   17 MethodHeader: VOID ID LPAR RPAR .

    $default  reduzir usando a regra 17 (MethodHeader)


Estado30

   19 FormalParams: STRING . LSQ RSQ ID

    LSQ  fazer shift, e ir para o estado 53


Estado31

   18 FormalParams: Type . ID CommaTypeID

    ID  fazer shift, e ir para o estado 54


Estado32

   16 MethodHeader: VOID ID LPAR FormalParams . RPAR

    RPAR  fazer shift, e ir para o estado 55


Estado33

   15 MethodHeader: Type ID LPAR RPAR .

    $default  reduzir usando a regra 15 (MethodHeader)


Estado34

   14 MethodHeader: Type ID LPAR FormalParams . RPAR

    RPAR  fazer shift, e ir para o estado 56


Estado35

   10 CommaID: CommaID COMMA . ID

    ID  fazer shift, e ir para o estado 57


Estado36

    7 FieldDecl: PUBLIC STATIC Type ID CommaID SEMICOLON .

    $default  reduzir usando a regra 7 (FieldDecl)


Estado37

   39 Statement: error . SEMICOLON

    SEMICOLON  fazer shift, e ir para o estado 58


Estado38

   42 MethodInvocation: ID . LPAR Expr CommaExpr RPAR
   43                 | ID . LPAR RPAR
   44                 | ID . LPAR error RPAR
   47 Assignment: ID . ASSIGN Expr

    ASSIGN  fazer shift, e ir para o estado 59
    LPAR    fazer shift, e ir para o estado 60


Estado39

   27 Statement: LBRACE . Statements RBRACE

    $default  reduzir usando a regra 40 (Statements)

    Statements  ir para o estado 61


Estado40

   22 MethodBody: LBRACE StatementOrVardecl RBRACE .

    $default  reduzir usando a regra 22 (MethodBody)


Estado41

   36 Statement: SEMICOLON .

    $default  reduzir usando a regra 36 (Statement)


Estado42

   28 Statement: IF . LPAR Expr RPAR Statement
   29          | IF . LPAR Expr RPAR Statement ELSE Statement

    LPAR  fazer shift, e ir para o estado 62


Estado43

   37 Statement: PRINT . LPAR Expr RPAR SEMICOLON
   38          | PRINT . LPAR STRLIT RPAR SEMICOLON

    LPAR  fazer shift, e ir para o estado 63


Estado44

   48 ParseArgs: PARSEINT . LPAR ID LSQ Expr RSQ RPAR
   49          | PARSEINT . LPAR error RPAR

    LPAR  fazer shift, e ir para o estado 64


Estado45

   31 Statement: RETURN . Expr SEMICOLON
   32          | RETURN . SEMICOLON

    ID         fazer shift, e ir para o estado 65
    INTLIT     fazer shift, e ir para o estado 66
    REALLIT    fazer shift, e ir para o estado 67
    BOOLLIT    fazer shift, e ir para o estado 68
    LPAR       fazer shift, e ir para o estado 69
    MINUS      fazer shift, e ir para o estado 70
    NOT        fazer shift, e ir para o estado 71
    PLUS       fazer shift, e ir para o estado 72
    SEMICOLON  fazer shift, e ir para o estado 73
    PARSEINT   fazer shift, e ir para o estado 44

    MethodInvocation  ir para o estado 74
    Assignment        ir para o estado 75
    ParseArgs         ir para o estado 76
    Expr              ir para o estado 77
    Expr2             ir para o estado 78


Estado46

   30 Statement: WHILE . LPAR Expr RPAR Statement

    LPAR  fazer shift, e ir para o estado 79


Estado47

   26 VarDecl: Type . ID CommaID SEMICOLON

    ID  fazer shift, e ir para o estado 80


Estado48

   25 StatementOrVardecl: StatementOrVardecl VarDecl .

    $default  reduzir usando a regra 25 (StatementOrVardecl)


Estado49

   24 StatementOrVardecl: StatementOrVardecl Statement .

    $default  reduzir usando a regra 24 (StatementOrVardecl)


Estado50

   33 Statement: MethodInvocation . SEMICOLON

    SEMICOLON  fazer shift, e ir para o estado 81


Estado51

   34 Statement: Assignment . SEMICOLON

    SEMICOLON  fazer shift, e ir para o estado 82


Estado52

   35 Statement: ParseArgs . SEMICOLON

    SEMICOLON  fazer shift, e ir para o estado 83


Estado53

   19 FormalParams: STRING LSQ . RSQ ID

    RSQ  fazer shift, e ir para o estado 84


Estado54

   18 FormalParams: Type ID . CommaTypeID

    $default  reduzir usando a regra 20 (CommaTypeID)

    CommaTypeID  ir para o estado 85


Estado55

   16 MethodHeader: VOID ID LPAR FormalParams RPAR .

    $default  reduzir usando a regra 16 (MethodHeader)


Estado56

   14 MethodHeader: Type ID LPAR FormalParams RPAR .

    $default  reduzir usando a regra 14 (MethodHeader)


Estado57

   10 CommaID: CommaID COMMA ID .

    $default  reduzir usando a regra 10 (CommaID)


Estado58

   39 Statement: error SEMICOLON .

    $default  reduzir usando a regra 39 (Statement)


Estado59

   47 Assignment: ID ASSIGN . Expr

    ID        fazer shift, e ir para o estado 65
    INTLIT    fazer shift, e ir para o estado 66
    REALLIT   fazer shift, e ir para o estado 67
    BOOLLIT   fazer shift, e ir para o estado 68
    LPAR      fazer shift, e ir para o estado 69
    MINUS     fazer shift, e ir para o estado 70
    NOT       fazer shift, e ir para o estado 71
    PLUS      fazer shift, e ir para o estado 72
    PARSEINT  fazer shift, e ir para o estado 44

    MethodInvocation  ir para o estado 74
    Assignment        ir para o estado 75
    ParseArgs         ir para o estado 76
    Expr              ir para o estado 86
    Expr2             ir para o estado 78


Estado60

   42 MethodInvocation: ID LPAR . Expr CommaExpr RPAR
   43                 | ID LPAR . RPAR
   44                 | ID LPAR . error RPAR

    error     fazer shift, e ir para o estado 87
    ID        fazer shift, e ir para o estado 65
    INTLIT    fazer shift, e ir para o estado 66
    REALLIT   fazer shift, e ir para o estado 67
    BOOLLIT   fazer shift, e ir para o estado 68
    LPAR      fazer shift, e ir para o estado 69
    MINUS     fazer shift, e ir para o estado 70
    NOT       fazer shift, e ir para o estado 71
    PLUS      fazer shift, e ir para o estado 72
    RPAR      fazer shift, e ir para o estado 88
    PARSEINT  fazer shift, e ir para o estado 44

    MethodInvocation  ir para o estado 74
    Assignment        ir para o estado 75
    ParseArgs         ir para o estado 76
    Expr              ir para o estado 89
    Expr2             ir para o estado 78


Estado61

   27 Statement: LBRACE Statements . RBRACE
   41 Statements: Statements . Statement

    error      fazer shift, e ir para o estado 37
    ID         fazer shift, e ir para o estado 38
    LBRACE     fazer shift, e ir para o estado 39
    RBRACE     fazer shift, e ir para o estado 90
    SEMICOLON  fazer shift, e ir para o estado 41
    IF         fazer shift, e ir para o estado 42
    PRINT      fazer shift, e ir para o estado 43
    PARSEINT   fazer shift, e ir para o estado 44
    RETURN     fazer shift, e ir para o estado 45
    WHILE      fazer shift, e ir para o estado 46

    Statement         ir para o estado 91
    MethodInvocation  ir para o estado 50
    Assignment        ir para o estado 51
    ParseArgs         ir para o estado 52


Estado62

   28 Statement: IF LPAR . Expr RPAR Statement
   29          | IF LPAR . Expr RPAR Statement ELSE Statement

    ID        fazer shift, e ir para o estado 65
    INTLIT    fazer shift, e ir para o estado 66
    REALLIT   fazer shift, e ir para o estado 67
    BOOLLIT   fazer shift, e ir para o estado 68
    LPAR      fazer shift, e ir para o estado 69
    MINUS     fazer shift, e ir para o estado 70
    NOT       fazer shift, e ir para o estado 71
    PLUS      fazer shift, e ir para o estado 72
    PARSEINT  fazer shift, e ir para o estado 44

    MethodInvocation  ir para o estado 74
    Assignment        ir para o estado 75
    ParseArgs         ir para o estado 76
    Expr              ir para o estado 92
    Expr2             ir para o estado 78


Estado63

   37 Statement: PRINT LPAR . Expr RPAR SEMICOLON
   38          | PRINT LPAR . STRLIT RPAR SEMICOLON

    ID        fazer shift, e ir para o estado 65
    INTLIT    fazer shift, e ir para o estado 66
    REALLIT   fazer shift, e ir para o estado 67
    STRLIT    fazer shift, e ir para o estado 93
    BOOLLIT   fazer shift, e ir para o estado 68
    LPAR      fazer shift, e ir para o estado 69
    MINUS     fazer shift, e ir para o estado 70
    NOT       fazer shift, e ir para o estado 71
    PLUS      fazer shift, e ir para o estado 72
    PARSEINT  fazer shift, e ir para o estado 44

    MethodInvocation  ir para o estado 74
    Assignment        ir para o estado 75
    ParseArgs         ir para o estado 76
    Expr              ir para o estado 94
    Expr2             ir para o estado 78


Estado64

   48 ParseArgs: PARSEINT LPAR . ID LSQ Expr RSQ RPAR
   49          | PARSEINT LPAR . error RPAR

    error  fazer shift, e ir para o estado 95
    ID     fazer shift, e ir para o estado 96


Estado65

   42 MethodInvocation: ID . LPAR Expr CommaExpr RPAR
   43                 | ID . LPAR RPAR
   44                 | ID . LPAR error RPAR
   47 Assignment: ID . ASSIGN Expr
   74 Expr2: ID . DOTLENGTH
   75      | ID .

    ASSIGN     fazer shift, e ir para o estado 59
    LPAR       fazer shift, e ir para o estado 60
    DOTLENGTH  fazer shift, e ir para o estado 97

    $default  reduzir usando a regra 75 (Expr2)


Estado66

   76 Expr2: INTLIT .

    $default  reduzir usando a regra 76 (Expr2)


Estado67

   77 Expr2: REALLIT .

    $default  reduzir usando a regra 77 (Expr2)


Estado68

   78 Expr2: BOOLLIT .

    $default  reduzir usando a regra 78 (Expr2)


Estado69

   71 Expr2: LPAR . Expr RPAR
   79      | LPAR . error RPAR

    error     fazer shift, e ir para o estado 98
    ID        fazer shift, e ir para o estado 65
    INTLIT    fazer shift, e ir para o estado 66
    REALLIT   fazer shift, e ir para o estado 67
    BOOLLIT   fazer shift, e ir para o estado 68
    LPAR      fazer shift, e ir para o estado 69
    MINUS     fazer shift, e ir para o estado 70
    NOT       fazer shift, e ir para o estado 71
    PLUS      fazer shift, e ir para o estado 72
    PARSEINT  fazer shift, e ir para o estado 44

    MethodInvocation  ir para o estado 74
    Assignment        ir para o estado 75
    ParseArgs         ir para o estado 76
    Expr              ir para o estado 99
    Expr2             ir para o estado 78


Estado70

   68 Expr2: MINUS . Expr2

    ID        fazer shift, e ir para o estado 100
    INTLIT    fazer shift, e ir para o estado 66
    REALLIT   fazer shift, e ir para o estado 67
    BOOLLIT   fazer shift, e ir para o estado 68
    LPAR      fazer shift, e ir para o estado 69
    MINUS     fazer shift, e ir para o estado 70
    NOT       fazer shift, e ir para o estado 71
    PLUS      fazer shift, e ir para o estado 72
    PARSEINT  fazer shift, e ir para o estado 44

    MethodInvocation  ir para o estado 74
    ParseArgs         ir para o estado 76
    Expr2             ir para o estado 101


Estado71

   69 Expr2: NOT . Expr2

    ID        fazer shift, e ir para o estado 100
    INTLIT    fazer shift, e ir para o estado 66
    REALLIT   fazer shift, e ir para o estado 67
    BOOLLIT   fazer shift, e ir para o estado 68
    LPAR      fazer shift, e ir para o estado 69
    MINUS     fazer shift, e ir para o estado 70
    NOT       fazer shift, e ir para o estado 71
    PLUS      fazer shift, e ir para o estado 72
    PARSEINT  fazer shift, e ir para o estado 44

    MethodInvocation  ir para o estado 74
    ParseArgs         ir para o estado 76
    Expr2             ir para o estado 102


Estado72

   70 Expr2: PLUS . Expr2

    ID        fazer shift, e ir para o estado 100
    INTLIT    fazer shift, e ir para o estado 66
    REALLIT   fazer shift, e ir para o estado 67
    BOOLLIT   fazer shift, e ir para o estado 68
    LPAR      fazer shift, e ir para o estado 69
    MINUS     fazer shift, e ir para o estado 70
    NOT       fazer shift, e ir para o estado 71
    PLUS      fazer shift, e ir para o estado 72
    PARSEINT  fazer shift, e ir para o estado 44

    MethodInvocation  ir para o estado 74
    ParseArgs         ir para o estado 76
    Expr2             ir para o estado 103


Estado73

   32 Statement: RETURN SEMICOLON .

    $default  reduzir usando a regra 32 (Statement)


Estado74

   72 Expr2: MethodInvocation .

    $default  reduzir usando a regra 72 (Expr2)


Estado75

   51 Expr: Assignment .

    $default  reduzir usando a regra 51 (Expr)


Estado76

   73 Expr2: ParseArgs .

    $default  reduzir usando a regra 73 (Expr2)


Estado77

   31 Statement: RETURN Expr . SEMICOLON

    SEMICOLON  fazer shift, e ir para o estado 104


Estado78

   50 Expr: Expr2 .
   52 Expr2: Expr2 . PLUS Expr2
   53      | Expr2 . MINUS Expr2
   54      | Expr2 . STAR Expr2
   55      | Expr2 . DIV Expr2
   56      | Expr2 . MOD Expr2
   57      | Expr2 . AND Expr2
   58      | Expr2 . OR Expr2
   59      | Expr2 . XOR Expr2
   60      | Expr2 . LSHIFT Expr2
   61      | Expr2 . RSHIFT Expr2
   62      | Expr2 . EQ Expr2
   63      | Expr2 . GE Expr2
   64      | Expr2 . GT Expr2
   65      | Expr2 . LE Expr2
   66      | Expr2 . LT Expr2
   67      | Expr2 . NE Expr2

    AND     fazer shift, e ir para o estado 105
    STAR    fazer shift, e ir para o estado 106
    DIV     fazer shift, e ir para o estado 107
    EQ      fazer shift, e ir para o estado 108
    GE      fazer shift, e ir para o estado 109
    GT      fazer shift, e ir para o estado 110
    LE      fazer shift, e ir para o estado 111
    LT      fazer shift, e ir para o estado 112
    MINUS   fazer shift, e ir para o estado 113
    MOD     fazer shift, e ir para o estado 114
    NE      fazer shift, e ir para o estado 115
    OR      fazer shift, e ir para o estado 116
    PLUS    fazer shift, e ir para o estado 117
    LSHIFT  fazer shift, e ir para o estado 118
    RSHIFT  fazer shift, e ir para o estado 119
    XOR     fazer shift, e ir para o estado 120

    $default  reduzir usando a regra 50 (Expr)


Estado79

   30 Statement: WHILE LPAR . Expr RPAR Statement

    ID        fazer shift, e ir para o estado 65
    INTLIT    fazer shift, e ir para o estado 66
    REALLIT   fazer shift, e ir para o estado 67
    BOOLLIT   fazer shift, e ir para o estado 68
    LPAR      fazer shift, e ir para o estado 69
    MINUS     fazer shift, e ir para o estado 70
    NOT       fazer shift, e ir para o estado 71
    PLUS      fazer shift, e ir para o estado 72
    PARSEINT  fazer shift, e ir para o estado 44

    MethodInvocation  ir para o estado 74
    Assignment        ir para o estado 75
    ParseArgs         ir para o estado 76
    Expr              ir para o estado 121
    Expr2             ir para o estado 78


Estado80

   26 VarDecl: Type ID . CommaID SEMICOLON

    $default  reduzir usando a regra 9 (CommaID)

    CommaID  ir para o estado 122


Estado81

   33 Statement: MethodInvocation SEMICOLON .

    $default  reduzir usando a regra 33 (Statement)


Estado82

   34 Statement: Assignment SEMICOLON .

    $default  reduzir usando a regra 34 (Statement)


Estado83

   35 Statement: ParseArgs SEMICOLON .

    $default  reduzir usando a regra 35 (Statement)


Estado84

   19 FormalParams: STRING LSQ RSQ . ID

    ID  fazer shift, e ir para o estado 123


Estado85

   18 FormalParams: Type ID CommaTypeID .
   21 CommaTypeID: CommaTypeID . COMMA Type ID

    COMMA  fazer shift, e ir para o estado 124

    $default  reduzir usando a regra 18 (FormalParams)


Estado86

   47 Assignment: ID ASSIGN Expr .

    $default  reduzir usando a regra 47 (Assignment)


Estado87

   44 MethodInvocation: ID LPAR error . RPAR

    RPAR  fazer shift, e ir para o estado 125


Estado88

   43 MethodInvocation: ID LPAR RPAR .

    $default  reduzir usando a regra 43 (MethodInvocation)


Estado89

   42 MethodInvocation: ID LPAR Expr . CommaExpr RPAR

    $default  reduzir usando a regra 45 (CommaExpr)

    CommaExpr  ir para o estado 126


Estado90

   27 Statement: LBRACE Statements RBRACE .

    $default  reduzir usando a regra 27 (Statement)


Estado91

   41 Statements: Statements Statement .

    $default  reduzir usando a regra 41 (Statements)


Estado92

   28 Statement: IF LPAR Expr . RPAR Statement
   29          | IF LPAR Expr . RPAR Statement ELSE Statement

    RPAR  fazer shift, e ir para o estado 127


Estado93

   38 Statement: PRINT LPAR STRLIT . RPAR SEMICOLON

    RPAR  fazer shift, e ir para o estado 128


Estado94

   37 Statement: PRINT LPAR Expr . RPAR SEMICOLON

    RPAR  fazer shift, e ir para o estado 129


Estado95

   49 ParseArgs: PARSEINT LPAR error . RPAR

    RPAR  fazer shift, e ir para o estado 130


Estado96

   48 ParseArgs: PARSEINT LPAR ID . LSQ Expr RSQ RPAR

    LSQ  fazer shift, e ir para o estado 131


Estado97

   74 Expr2: ID DOTLENGTH .

    $default  reduzir usando a regra 74 (Expr2)


Estado98

   79 Expr2: LPAR error . RPAR

    RPAR  fazer shift, e ir para o estado 132


Estado99

   71 Expr2: LPAR Expr . RPAR

    RPAR  fazer shift, e ir para o estado 133


Estado100

   42 MethodInvocation: ID . LPAR Expr CommaExpr RPAR
   43                 | ID . LPAR RPAR
   44                 | ID . LPAR error RPAR
   74 Expr2: ID . DOTLENGTH
   75      | ID .

    LPAR       fazer shift, e ir para o estado 60
    DOTLENGTH  fazer shift, e ir para o estado 97

    $default  reduzir usando a regra 75 (Expr2)


Estado101

   52 Expr2: Expr2 . PLUS Expr2
   53      | Expr2 . MINUS Expr2
   54      | Expr2 . STAR Expr2
   55      | Expr2 . DIV Expr2
   56      | Expr2 . MOD Expr2
   57      | Expr2 . AND Expr2
   58      | Expr2 . OR Expr2
   59      | Expr2 . XOR Expr2
   60      | Expr2 . LSHIFT Expr2
   61      | Expr2 . RSHIFT Expr2
   62      | Expr2 . EQ Expr2
   63      | Expr2 . GE Expr2
   64      | Expr2 . GT Expr2
   65      | Expr2 . LE Expr2
   66      | Expr2 . LT Expr2
   67      | Expr2 . NE Expr2
   68      | MINUS Expr2 .

    $default  reduzir usando a regra 68 (Expr2)


Estado102

   52 Expr2: Expr2 . PLUS Expr2
   53      | Expr2 . MINUS Expr2
   54      | Expr2 . STAR Expr2
   55      | Expr2 . DIV Expr2
   56      | Expr2 . MOD Expr2
   57      | Expr2 . AND Expr2
   58      | Expr2 . OR Expr2
   59      | Expr2 . XOR Expr2
   60      | Expr2 . LSHIFT Expr2
   61      | Expr2 . RSHIFT Expr2
   62      | Expr2 . EQ Expr2
   63      | Expr2 . GE Expr2
   64      | Expr2 . GT Expr2
   65      | Expr2 . LE Expr2
   66      | Expr2 . LT Expr2
   67      | Expr2 . NE Expr2
   69      | NOT Expr2 .

    $default  reduzir usando a regra 69 (Expr2)


Estado103

   52 Expr2: Expr2 . PLUS Expr2
   53      | Expr2 . MINUS Expr2
   54      | Expr2 . STAR Expr2
   55      | Expr2 . DIV Expr2
   56      | Expr2 . MOD Expr2
   57      | Expr2 . AND Expr2
   58      | Expr2 . OR Expr2
   59      | Expr2 . XOR Expr2
   60      | Expr2 . LSHIFT Expr2
   61      | Expr2 . RSHIFT Expr2
   62      | Expr2 . EQ Expr2
   63      | Expr2 . GE Expr2
   64      | Expr2 . GT Expr2
   65      | Expr2 . LE Expr2
   66      | Expr2 . LT Expr2
   67      | Expr2 . NE Expr2
   70      | PLUS Expr2 .

    $default  reduzir usando a regra 70 (Expr2)


Estado104

   31 Statement: RETURN Expr SEMICOLON .

    $default  reduzir usando a regra 31 (Statement)


Estado105

   57 Expr2: Expr2 AND . Expr2

    ID        fazer shift, e ir para o estado 100
    INTLIT    fazer shift, e ir para o estado 66
    REALLIT   fazer shift, e ir para o estado 67
    BOOLLIT   fazer shift, e ir para o estado 68
    LPAR      fazer shift, e ir para o estado 69
    MINUS     fazer shift, e ir para o estado 70
    NOT       fazer shift, e ir para o estado 71
    PLUS      fazer shift, e ir para o estado 72
    PARSEINT  fazer shift, e ir para o estado 44

    MethodInvocation  ir para o estado 74
    ParseArgs         ir para o estado 76
    Expr2             ir para o estado 134


Estado106

   54 Expr2: Expr2 STAR . Expr2

    ID        fazer shift, e ir para o estado 100
    INTLIT    fazer shift, e ir para o estado 66
    REALLIT   fazer shift, e ir para o estado 67
    BOOLLIT   fazer shift, e ir para o estado 68
    LPAR      fazer shift, e ir para o estado 69
    MINUS     fazer shift, e ir para o estado 70
    NOT       fazer shift, e ir para o estado 71
    PLUS      fazer shift, e ir para o estado 72
    PARSEINT  fazer shift, e ir para o estado 44

    MethodInvocation  ir para o estado 74
    ParseArgs         ir para o estado 76
    Expr2             ir para o estado 135


Estado107

   55 Expr2: Expr2 DIV . Expr2

    ID        fazer shift, e ir para o estado 100
    INTLIT    fazer shift, e ir para o estado 66
    REALLIT   fazer shift, e ir para o estado 67
    BOOLLIT   fazer shift, e ir para o estado 68
    LPAR      fazer shift, e ir para o estado 69
    MINUS     fazer shift, e ir para o estado 70
    NOT       fazer shift, e ir para o estado 71
    PLUS      fazer shift, e ir para o estado 72
    PARSEINT  fazer shift, e ir para o estado 44

    MethodInvocation  ir para o estado 74
    ParseArgs         ir para o estado 76
    Expr2             ir para o estado 136


Estado108

   62 Expr2: Expr2 EQ . Expr2

    ID        fazer shift, e ir para o estado 100
    INTLIT    fazer shift, e ir para o estado 66
    REALLIT   fazer shift, e ir para o estado 67
    BOOLLIT   fazer shift, e ir para o estado 68
    LPAR      fazer shift, e ir para o estado 69
    MINUS     fazer shift, e ir para o estado 70
    NOT       fazer shift, e ir para o estado 71
    PLUS      fazer shift, e ir para o estado 72
    PARSEINT  fazer shift, e ir para o estado 44

    MethodInvocation  ir para o estado 74
    ParseArgs         ir para o estado 76
    Expr2             ir para o estado 137


Estado109

   63 Expr2: Expr2 GE . Expr2

    ID        fazer shift, e ir para o estado 100
    INTLIT    fazer shift, e ir para o estado 66
    REALLIT   fazer shift, e ir para o estado 67
    BOOLLIT   fazer shift, e ir para o estado 68
    LPAR      fazer shift, e ir para o estado 69
    MINUS     fazer shift, e ir para o estado 70
    NOT       fazer shift, e ir para o estado 71
    PLUS      fazer shift, e ir para o estado 72
    PARSEINT  fazer shift, e ir para o estado 44

    MethodInvocation  ir para o estado 74
    ParseArgs         ir para o estado 76
    Expr2             ir para o estado 138


Estado110

   64 Expr2: Expr2 GT . Expr2

    ID        fazer shift, e ir para o estado 100
    INTLIT    fazer shift, e ir para o estado 66
    REALLIT   fazer shift, e ir para o estado 67
    BOOLLIT   fazer shift, e ir para o estado 68
    LPAR      fazer shift, e ir para o estado 69
    MINUS     fazer shift, e ir para o estado 70
    NOT       fazer shift, e ir para o estado 71
    PLUS      fazer shift, e ir para o estado 72
    PARSEINT  fazer shift, e ir para o estado 44

    MethodInvocation  ir para o estado 74
    ParseArgs         ir para o estado 76
    Expr2             ir para o estado 139


Estado111

   65 Expr2: Expr2 LE . Expr2

    ID        fazer shift, e ir para o estado 100
    INTLIT    fazer shift, e ir para o estado 66
    REALLIT   fazer shift, e ir para o estado 67
    BOOLLIT   fazer shift, e ir para o estado 68
    LPAR      fazer shift, e ir para o estado 69
    MINUS     fazer shift, e ir para o estado 70
    NOT       fazer shift, e ir para o estado 71
    PLUS      fazer shift, e ir para o estado 72
    PARSEINT  fazer shift, e ir para o estado 44

    MethodInvocation  ir para o estado 74
    ParseArgs         ir para o estado 76
    Expr2             ir para o estado 140


Estado112

   66 Expr2: Expr2 LT . Expr2

    ID        fazer shift, e ir para o estado 100
    INTLIT    fazer shift, e ir para o estado 66
    REALLIT   fazer shift, e ir para o estado 67
    BOOLLIT   fazer shift, e ir para o estado 68
    LPAR      fazer shift, e ir para o estado 69
    MINUS     fazer shift, e ir para o estado 70
    NOT       fazer shift, e ir para o estado 71
    PLUS      fazer shift, e ir para o estado 72
    PARSEINT  fazer shift, e ir para o estado 44

    MethodInvocation  ir para o estado 74
    ParseArgs         ir para o estado 76
    Expr2             ir para o estado 141


Estado113

   53 Expr2: Expr2 MINUS . Expr2

    ID        fazer shift, e ir para o estado 100
    INTLIT    fazer shift, e ir para o estado 66
    REALLIT   fazer shift, e ir para o estado 67
    BOOLLIT   fazer shift, e ir para o estado 68
    LPAR      fazer shift, e ir para o estado 69
    MINUS     fazer shift, e ir para o estado 70
    NOT       fazer shift, e ir para o estado 71
    PLUS      fazer shift, e ir para o estado 72
    PARSEINT  fazer shift, e ir para o estado 44

    MethodInvocation  ir para o estado 74
    ParseArgs         ir para o estado 76
    Expr2             ir para o estado 142


Estado114

   56 Expr2: Expr2 MOD . Expr2

    ID        fazer shift, e ir para o estado 100
    INTLIT    fazer shift, e ir para o estado 66
    REALLIT   fazer shift, e ir para o estado 67
    BOOLLIT   fazer shift, e ir para o estado 68
    LPAR      fazer shift, e ir para o estado 69
    MINUS     fazer shift, e ir para o estado 70
    NOT       fazer shift, e ir para o estado 71
    PLUS      fazer shift, e ir para o estado 72
    PARSEINT  fazer shift, e ir para o estado 44

    MethodInvocation  ir para o estado 74
    ParseArgs         ir para o estado 76
    Expr2             ir para o estado 143


Estado115

   67 Expr2: Expr2 NE . Expr2

    ID        fazer shift, e ir para o estado 100
    INTLIT    fazer shift, e ir para o estado 66
    REALLIT   fazer shift, e ir para o estado 67
    BOOLLIT   fazer shift, e ir para o estado 68
    LPAR      fazer shift, e ir para o estado 69
    MINUS     fazer shift, e ir para o estado 70
    NOT       fazer shift, e ir para o estado 71
    PLUS      fazer shift, e ir para o estado 72
    PARSEINT  fazer shift, e ir para o estado 44

    MethodInvocation  ir para o estado 74
    ParseArgs         ir para o estado 76
    Expr2             ir para o estado 144


Estado116

   58 Expr2: Expr2 OR . Expr2

    ID        fazer shift, e ir para o estado 100
    INTLIT    fazer shift, e ir para o estado 66
    REALLIT   fazer shift, e ir para o estado 67
    BOOLLIT   fazer shift, e ir para o estado 68
    LPAR      fazer shift, e ir para o estado 69
    MINUS     fazer shift, e ir para o estado 70
    NOT       fazer shift, e ir para o estado 71
    PLUS      fazer shift, e ir para o estado 72
    PARSEINT  fazer shift, e ir para o estado 44

    MethodInvocation  ir para o estado 74
    ParseArgs         ir para o estado 76
    Expr2             ir para o estado 145


Estado117

   52 Expr2: Expr2 PLUS . Expr2

    ID        fazer shift, e ir para o estado 100
    INTLIT    fazer shift, e ir para o estado 66
    REALLIT   fazer shift, e ir para o estado 67
    BOOLLIT   fazer shift, e ir para o estado 68
    LPAR      fazer shift, e ir para o estado 69
    MINUS     fazer shift, e ir para o estado 70
    NOT       fazer shift, e ir para o estado 71
    PLUS      fazer shift, e ir para o estado 72
    PARSEINT  fazer shift, e ir para o estado 44

    MethodInvocation  ir para o estado 74
    ParseArgs         ir para o estado 76
    Expr2             ir para o estado 146


Estado118

   60 Expr2: Expr2 LSHIFT . Expr2

    ID        fazer shift, e ir para o estado 100
    INTLIT    fazer shift, e ir para o estado 66
    REALLIT   fazer shift, e ir para o estado 67
    BOOLLIT   fazer shift, e ir para o estado 68
    LPAR      fazer shift, e ir para o estado 69
    MINUS     fazer shift, e ir para o estado 70
    NOT       fazer shift, e ir para o estado 71
    PLUS      fazer shift, e ir para o estado 72
    PARSEINT  fazer shift, e ir para o estado 44

    MethodInvocation  ir para o estado 74
    ParseArgs         ir para o estado 76
    Expr2             ir para o estado 147


Estado119

   61 Expr2: Expr2 RSHIFT . Expr2

    ID        fazer shift, e ir para o estado 100
    INTLIT    fazer shift, e ir para o estado 66
    REALLIT   fazer shift, e ir para o estado 67
    BOOLLIT   fazer shift, e ir para o estado 68
    LPAR      fazer shift, e ir para o estado 69
    MINUS     fazer shift, e ir para o estado 70
    NOT       fazer shift, e ir para o estado 71
    PLUS      fazer shift, e ir para o estado 72
    PARSEINT  fazer shift, e ir para o estado 44

    MethodInvocation  ir para o estado 74
    ParseArgs         ir para o estado 76
    Expr2             ir para o estado 148


Estado120

   59 Expr2: Expr2 XOR . Expr2

    ID        fazer shift, e ir para o estado 100
    INTLIT    fazer shift, e ir para o estado 66
    REALLIT   fazer shift, e ir para o estado 67
    BOOLLIT   fazer shift, e ir para o estado 68
    LPAR      fazer shift, e ir para o estado 69
    MINUS     fazer shift, e ir para o estado 70
    NOT       fazer shift, e ir para o estado 71
    PLUS      fazer shift, e ir para o estado 72
    PARSEINT  fazer shift, e ir para o estado 44

    MethodInvocation  ir para o estado 74
    ParseArgs         ir para o estado 76
    Expr2             ir para o estado 149


Estado121

   30 Statement: WHILE LPAR Expr . RPAR Statement

    RPAR  fazer shift, e ir para o estado 150


Estado122

   10 CommaID: CommaID . COMMA ID
   26 VarDecl: Type ID CommaID . SEMICOLON

    COMMA      fazer shift, e ir para o estado 35
    SEMICOLON  fazer shift, e ir para o estado 151


Estado123

   19 FormalParams: STRING LSQ RSQ ID .

    $default  reduzir usando a regra 19 (FormalParams)


Estado124

   21 CommaTypeID: CommaTypeID COMMA . Type ID

    BOOL    fazer shift, e ir para o estado 15
    DOUBLE  fazer shift, e ir para o estado 16
    INT     fazer shift, e ir para o estado 17

    Type  ir para o estado 152


Estado125

   44 MethodInvocation: ID LPAR error RPAR .

    $default  reduzir usando a regra 44 (MethodInvocation)


Estado126

   42 MethodInvocation: ID LPAR Expr CommaExpr . RPAR
   46 CommaExpr: CommaExpr . COMMA Expr

    COMMA  fazer shift, e ir para o estado 153
    RPAR   fazer shift, e ir para o estado 154


Estado127

   28 Statement: IF LPAR Expr RPAR . Statement
   29          | IF LPAR Expr RPAR . Statement ELSE Statement

    error      fazer shift, e ir para o estado 37
    ID         fazer shift, e ir para o estado 38
    LBRACE     fazer shift, e ir para o estado 39
    SEMICOLON  fazer shift, e ir para o estado 41
    IF         fazer shift, e ir para o estado 42
    PRINT      fazer shift, e ir para o estado 43
    PARSEINT   fazer shift, e ir para o estado 44
    RETURN     fazer shift, e ir para o estado 45
    WHILE      fazer shift, e ir para o estado 46

    Statement         ir para o estado 155
    MethodInvocation  ir para o estado 50
    Assignment        ir para o estado 51
    ParseArgs         ir para o estado 52


Estado128

   38 Statement: PRINT LPAR STRLIT RPAR . SEMICOLON

    SEMICOLON  fazer shift, e ir para o estado 156


Estado129

   37 Statement: PRINT LPAR Expr RPAR . SEMICOLON

    SEMICOLON  fazer shift, e ir para o estado 157


Estado130

   49 ParseArgs: PARSEINT LPAR error RPAR .

    $default  reduzir usando a regra 49 (ParseArgs)


Estado131

   48 ParseArgs: PARSEINT LPAR ID LSQ . Expr RSQ RPAR

    ID        fazer shift, e ir para o estado 65
    INTLIT    fazer shift, e ir para o estado 66
    REALLIT   fazer shift, e ir para o estado 67
    BOOLLIT   fazer shift, e ir para o estado 68
    LPAR      fazer shift, e ir para o estado 69
    MINUS     fazer shift, e ir para o estado 70
    NOT       fazer shift, e ir para o estado 71
    PLUS      fazer shift, e ir para o estado 72
    PARSEINT  fazer shift, e ir para o estado 44

    MethodInvocation  ir para o estado 74
    Assignment        ir para o estado 75
    ParseArgs         ir para o estado 76
    Expr              ir para o estado 158
    Expr2             ir para o estado 78


Estado132

   79 Expr2: LPAR error RPAR .

    $default  reduzir usando a regra 79 (Expr2)


Estado133

   71 Expr2: LPAR Expr RPAR .

    $default  reduzir usando a regra 71 (Expr2)


Estado134

   52 Expr2: Expr2 . PLUS Expr2
   53      | Expr2 . MINUS Expr2
   54      | Expr2 . STAR Expr2
   55      | Expr2 . DIV Expr2
   56      | Expr2 . MOD Expr2
   57      | Expr2 . AND Expr2
   57      | Expr2 AND Expr2 .
   58      | Expr2 . OR Expr2
   59      | Expr2 . XOR Expr2
   60      | Expr2 . LSHIFT Expr2
   61      | Expr2 . RSHIFT Expr2
   62      | Expr2 . EQ Expr2
   63      | Expr2 . GE Expr2
   64      | Expr2 . GT Expr2
   65      | Expr2 . LE Expr2
   66      | Expr2 . LT Expr2
   67      | Expr2 . NE Expr2

    STAR    fazer shift, e ir para o estado 106
    DIV     fazer shift, e ir para o estado 107
    EQ      fazer shift, e ir para o estado 108
    GE      fazer shift, e ir para o estado 109
    GT      fazer shift, e ir para o estado 110
    LE      fazer shift, e ir para o estado 111
    LT      fazer shift, e ir para o estado 112
    MINUS   fazer shift, e ir para o estado 113
    MOD     fazer shift, e ir para o estado 114
    NE      fazer shift, e ir para o estado 115
    PLUS    fazer shift, e ir para o estado 117
    LSHIFT  fazer shift, e ir para o estado 118
    RSHIFT  fazer shift, e ir para o estado 119
    XOR     fazer shift, e ir para o estado 120

    $default  reduzir usando a regra 57 (Expr2)


Estado135

   52 Expr2: Expr2 . PLUS Expr2
   53      | Expr2 . MINUS Expr2
   54      | Expr2 . STAR Expr2
   54      | Expr2 STAR Expr2 .
   55      | Expr2 . DIV Expr2
   56      | Expr2 . MOD Expr2
   57      | Expr2 . AND Expr2
   58      | Expr2 . OR Expr2
   59      | Expr2 . XOR Expr2
   60      | Expr2 . LSHIFT Expr2
   61      | Expr2 . RSHIFT Expr2
   62      | Expr2 . EQ Expr2
   63      | Expr2 . GE Expr2
   64      | Expr2 . GT Expr2
   65      | Expr2 . LE Expr2
   66      | Expr2 . LT Expr2
   67      | Expr2 . NE Expr2

    $default  reduzir usando a regra 54 (Expr2)


Estado136

   52 Expr2: Expr2 . PLUS Expr2
   53      | Expr2 . MINUS Expr2
   54      | Expr2 . STAR Expr2
   55      | Expr2 . DIV Expr2
   55      | Expr2 DIV Expr2 .
   56      | Expr2 . MOD Expr2
   57      | Expr2 . AND Expr2
   58      | Expr2 . OR Expr2
   59      | Expr2 . XOR Expr2
   60      | Expr2 . LSHIFT Expr2
   61      | Expr2 . RSHIFT Expr2
   62      | Expr2 . EQ Expr2
   63      | Expr2 . GE Expr2
   64      | Expr2 . GT Expr2
   65      | Expr2 . LE Expr2
   66      | Expr2 . LT Expr2
   67      | Expr2 . NE Expr2

    $default  reduzir usando a regra 55 (Expr2)


Estado137

   52 Expr2: Expr2 . PLUS Expr2
   53      | Expr2 . MINUS Expr2
   54      | Expr2 . STAR Expr2
   55      | Expr2 . DIV Expr2
   56      | Expr2 . MOD Expr2
   57      | Expr2 . AND Expr2
   58      | Expr2 . OR Expr2
   59      | Expr2 . XOR Expr2
   60      | Expr2 . LSHIFT Expr2
   61      | Expr2 . RSHIFT Expr2
   62      | Expr2 . EQ Expr2
   62      | Expr2 EQ Expr2 .
   63      | Expr2 . GE Expr2
   64      | Expr2 . GT Expr2
   65      | Expr2 . LE Expr2
   66      | Expr2 . LT Expr2
   67      | Expr2 . NE Expr2

    STAR    fazer shift, e ir para o estado 106
    DIV     fazer shift, e ir para o estado 107
    GE      fazer shift, e ir para o estado 109
    GT      fazer shift, e ir para o estado 110
    LE      fazer shift, e ir para o estado 111
    LT      fazer shift, e ir para o estado 112
    MINUS   fazer shift, e ir para o estado 113
    MOD     fazer shift, e ir para o estado 114
    PLUS    fazer shift, e ir para o estado 117
    LSHIFT  fazer shift, e ir para o estado 118
    RSHIFT  fazer shift, e ir para o estado 119

    $default  reduzir usando a regra 62 (Expr2)


Estado138

   52 Expr2: Expr2 . PLUS Expr2
   53      | Expr2 . MINUS Expr2
   54      | Expr2 . STAR Expr2
   55      | Expr2 . DIV Expr2
   56      | Expr2 . MOD Expr2
   57      | Expr2 . AND Expr2
   58      | Expr2 . OR Expr2
   59      | Expr2 . XOR Expr2
   60      | Expr2 . LSHIFT Expr2
   61      | Expr2 . RSHIFT Expr2
   62      | Expr2 . EQ Expr2
   63      | Expr2 . GE Expr2
   63      | Expr2 GE Expr2 .
   64      | Expr2 . GT Expr2
   65      | Expr2 . LE Expr2
   66      | Expr2 . LT Expr2
   67      | Expr2 . NE Expr2

    STAR    fazer shift, e ir para o estado 106
    DIV     fazer shift, e ir para o estado 107
    MINUS   fazer shift, e ir para o estado 113
    MOD     fazer shift, e ir para o estado 114
    PLUS    fazer shift, e ir para o estado 117
    LSHIFT  fazer shift, e ir para o estado 118
    RSHIFT  fazer shift, e ir para o estado 119

    $default  reduzir usando a regra 63 (Expr2)


Estado139

   52 Expr2: Expr2 . PLUS Expr2
   53      | Expr2 . MINUS Expr2
   54      | Expr2 . STAR Expr2
   55      | Expr2 . DIV Expr2
   56      | Expr2 . MOD Expr2
   57      | Expr2 . AND Expr2
   58      | Expr2 . OR Expr2
   59      | Expr2 . XOR Expr2
   60      | Expr2 . LSHIFT Expr2
   61      | Expr2 . RSHIFT Expr2
   62      | Expr2 . EQ Expr2
   63      | Expr2 . GE Expr2
   64      | Expr2 . GT Expr2
   64      | Expr2 GT Expr2 .
   65      | Expr2 . LE Expr2
   66      | Expr2 . LT Expr2
   67      | Expr2 . NE Expr2

    STAR    fazer shift, e ir para o estado 106
    DIV     fazer shift, e ir para o estado 107
    MINUS   fazer shift, e ir para o estado 113
    MOD     fazer shift, e ir para o estado 114
    PLUS    fazer shift, e ir para o estado 117
    LSHIFT  fazer shift, e ir para o estado 118
    RSHIFT  fazer shift, e ir para o estado 119

    $default  reduzir usando a regra 64 (Expr2)


Estado140

   52 Expr2: Expr2 . PLUS Expr2
   53      | Expr2 . MINUS Expr2
   54      | Expr2 . STAR Expr2
   55      | Expr2 . DIV Expr2
   56      | Expr2 . MOD Expr2
   57      | Expr2 . AND Expr2
   58      | Expr2 . OR Expr2
   59      | Expr2 . XOR Expr2
   60      | Expr2 . LSHIFT Expr2
   61      | Expr2 . RSHIFT Expr2
   62      | Expr2 . EQ Expr2
   63      | Expr2 . GE Expr2
   64      | Expr2 . GT Expr2
   65      | Expr2 . LE Expr2
   65      | Expr2 LE Expr2 .
   66      | Expr2 . LT Expr2
   67      | Expr2 . NE Expr2

    STAR    fazer shift, e ir para o estado 106
    DIV     fazer shift, e ir para o estado 107
    MINUS   fazer shift, e ir para o estado 113
    MOD     fazer shift, e ir para o estado 114
    PLUS    fazer shift, e ir para o estado 117
    LSHIFT  fazer shift, e ir para o estado 118
    RSHIFT  fazer shift, e ir para o estado 119

    $default  reduzir usando a regra 65 (Expr2)


Estado141

   52 Expr2: Expr2 . PLUS Expr2
   53      | Expr2 . MINUS Expr2
   54      | Expr2 . STAR Expr2
   55      | Expr2 . DIV Expr2
   56      | Expr2 . MOD Expr2
   57      | Expr2 . AND Expr2
   58      | Expr2 . OR Expr2
   59      | Expr2 . XOR Expr2
   60      | Expr2 . LSHIFT Expr2
   61      | Expr2 . RSHIFT Expr2
   62      | Expr2 . EQ Expr2
   63      | Expr2 . GE Expr2
   64      | Expr2 . GT Expr2
   65      | Expr2 . LE Expr2
   66      | Expr2 . LT Expr2
   66      | Expr2 LT Expr2 .
   67      | Expr2 . NE Expr2

    STAR    fazer shift, e ir para o estado 106
    DIV     fazer shift, e ir para o estado 107
    MINUS   fazer shift, e ir para o estado 113
    MOD     fazer shift, e ir para o estado 114
    PLUS    fazer shift, e ir para o estado 117
    LSHIFT  fazer shift, e ir para o estado 118
    RSHIFT  fazer shift, e ir para o estado 119

    $default  reduzir usando a regra 66 (Expr2)


Estado142

   52 Expr2: Expr2 . PLUS Expr2
   53      | Expr2 . MINUS Expr2
   53      | Expr2 MINUS Expr2 .
   54      | Expr2 . STAR Expr2
   55      | Expr2 . DIV Expr2
   56      | Expr2 . MOD Expr2
   57      | Expr2 . AND Expr2
   58      | Expr2 . OR Expr2
   59      | Expr2 . XOR Expr2
   60      | Expr2 . LSHIFT Expr2
   61      | Expr2 . RSHIFT Expr2
   62      | Expr2 . EQ Expr2
   63      | Expr2 . GE Expr2
   64      | Expr2 . GT Expr2
   65      | Expr2 . LE Expr2
   66      | Expr2 . LT Expr2
   67      | Expr2 . NE Expr2

    STAR  fazer shift, e ir para o estado 106
    DIV   fazer shift, e ir para o estado 107
    MOD   fazer shift, e ir para o estado 114

    $default  reduzir usando a regra 53 (Expr2)


Estado143

   52 Expr2: Expr2 . PLUS Expr2
   53      | Expr2 . MINUS Expr2
   54      | Expr2 . STAR Expr2
   55      | Expr2 . DIV Expr2
   56      | Expr2 . MOD Expr2
   56      | Expr2 MOD Expr2 .
   57      | Expr2 . AND Expr2
   58      | Expr2 . OR Expr2
   59      | Expr2 . XOR Expr2
   60      | Expr2 . LSHIFT Expr2
   61      | Expr2 . RSHIFT Expr2
   62      | Expr2 . EQ Expr2
   63      | Expr2 . GE Expr2
   64      | Expr2 . GT Expr2
   65      | Expr2 . LE Expr2
   66      | Expr2 . LT Expr2
   67      | Expr2 . NE Expr2

    $default  reduzir usando a regra 56 (Expr2)


Estado144

   52 Expr2: Expr2 . PLUS Expr2
   53      | Expr2 . MINUS Expr2
   54      | Expr2 . STAR Expr2
   55      | Expr2 . DIV Expr2
   56      | Expr2 . MOD Expr2
   57      | Expr2 . AND Expr2
   58      | Expr2 . OR Expr2
   59      | Expr2 . XOR Expr2
   60      | Expr2 . LSHIFT Expr2
   61      | Expr2 . RSHIFT Expr2
   62      | Expr2 . EQ Expr2
   63      | Expr2 . GE Expr2
   64      | Expr2 . GT Expr2
   65      | Expr2 . LE Expr2
   66      | Expr2 . LT Expr2
   67      | Expr2 . NE Expr2
   67      | Expr2 NE Expr2 .

    STAR    fazer shift, e ir para o estado 106
    DIV     fazer shift, e ir para o estado 107
    GE      fazer shift, e ir para o estado 109
    GT      fazer shift, e ir para o estado 110
    LE      fazer shift, e ir para o estado 111
    LT      fazer shift, e ir para o estado 112
    MINUS   fazer shift, e ir para o estado 113
    MOD     fazer shift, e ir para o estado 114
    PLUS    fazer shift, e ir para o estado 117
    LSHIFT  fazer shift, e ir para o estado 118
    RSHIFT  fazer shift, e ir para o estado 119

    $default  reduzir usando a regra 67 (Expr2)


Estado145

   52 Expr2: Expr2 . PLUS Expr2
   53      | Expr2 . MINUS Expr2
   54      | Expr2 . STAR Expr2
   55      | Expr2 . DIV Expr2
   56      | Expr2 . MOD Expr2
   57      | Expr2 . AND Expr2
   58      | Expr2 . OR Expr2
   58      | Expr2 OR Expr2 .
   59      | Expr2 . XOR Expr2
   60      | Expr2 . LSHIFT Expr2
   61      | Expr2 . RSHIFT Expr2
   62      | Expr2 . EQ Expr2
   63      | Expr2 . GE Expr2
   64      | Expr2 . GT Expr2
   65      | Expr2 . LE Expr2
   66      | Expr2 . LT Expr2
   67      | Expr2 . NE Expr2

    AND     fazer shift, e ir para o estado 105
    STAR    fazer shift, e ir para o estado 106
    DIV     fazer shift, e ir para o estado 107
    EQ      fazer shift, e ir para o estado 108
    GE      fazer shift, e ir para o estado 109
    GT      fazer shift, e ir para o estado 110
    LE      fazer shift, e ir para o estado 111
    LT      fazer shift, e ir para o estado 112
    MINUS   fazer shift, e ir para o estado 113
    MOD     fazer shift, e ir para o estado 114
    NE      fazer shift, e ir para o estado 115
    PLUS    fazer shift, e ir para o estado 117
    LSHIFT  fazer shift, e ir para o estado 118
    RSHIFT  fazer shift, e ir para o estado 119
    XOR     fazer shift, e ir para o estado 120

    $default  reduzir usando a regra 58 (Expr2)


Estado146

   52 Expr2: Expr2 . PLUS Expr2
   52      | Expr2 PLUS Expr2 .
   53      | Expr2 . MINUS Expr2
   54      | Expr2 . STAR Expr2
   55      | Expr2 . DIV Expr2
   56      | Expr2 . MOD Expr2
   57      | Expr2 . AND Expr2
   58      | Expr2 . OR Expr2
   59      | Expr2 . XOR Expr2
   60      | Expr2 . LSHIFT Expr2
   61      | Expr2 . RSHIFT Expr2
   62      | Expr2 . EQ Expr2
   63      | Expr2 . GE Expr2
   64      | Expr2 . GT Expr2
   65      | Expr2 . LE Expr2
   66      | Expr2 . LT Expr2
   67      | Expr2 . NE Expr2

    STAR  fazer shift, e ir para o estado 106
    DIV   fazer shift, e ir para o estado 107
    MOD   fazer shift, e ir para o estado 114

    $default  reduzir usando a regra 52 (Expr2)


Estado147

   52 Expr2: Expr2 . PLUS Expr2
   53      | Expr2 . MINUS Expr2
   54      | Expr2 . STAR Expr2
   55      | Expr2 . DIV Expr2
   56      | Expr2 . MOD Expr2
   57      | Expr2 . AND Expr2
   58      | Expr2 . OR Expr2
   59      | Expr2 . XOR Expr2
   60      | Expr2 . LSHIFT Expr2
   60      | Expr2 LSHIFT Expr2 .
   61      | Expr2 . RSHIFT Expr2
   62      | Expr2 . EQ Expr2
   63      | Expr2 . GE Expr2
   64      | Expr2 . GT Expr2
   65      | Expr2 . LE Expr2
   66      | Expr2 . LT Expr2
   67      | Expr2 . NE Expr2

    STAR   fazer shift, e ir para o estado 106
    DIV    fazer shift, e ir para o estado 107
    MINUS  fazer shift, e ir para o estado 113
    MOD    fazer shift, e ir para o estado 114
    PLUS   fazer shift, e ir para o estado 117

    $default  reduzir usando a regra 60 (Expr2)


Estado148

   52 Expr2: Expr2 . PLUS Expr2
   53      | Expr2 . MINUS Expr2
   54      | Expr2 . STAR Expr2
   55      | Expr2 . DIV Expr2
   56      | Expr2 . MOD Expr2
   57      | Expr2 . AND Expr2
   58      | Expr2 . OR Expr2
   59      | Expr2 . XOR Expr2
   60      | Expr2 . LSHIFT Expr2
   61      | Expr2 . RSHIFT Expr2
   61      | Expr2 RSHIFT Expr2 .
   62      | Expr2 . EQ Expr2
   63      | Expr2 . GE Expr2
   64      | Expr2 . GT Expr2
   65      | Expr2 . LE Expr2
   66      | Expr2 . LT Expr2
   67      | Expr2 . NE Expr2

    STAR   fazer shift, e ir para o estado 106
    DIV    fazer shift, e ir para o estado 107
    MINUS  fazer shift, e ir para o estado 113
    MOD    fazer shift, e ir para o estado 114
    PLUS   fazer shift, e ir para o estado 117

    $default  reduzir usando a regra 61 (Expr2)


Estado149

   52 Expr2: Expr2 . PLUS Expr2
   53      | Expr2 . MINUS Expr2
   54      | Expr2 . STAR Expr2
   55      | Expr2 . DIV Expr2
   56      | Expr2 . MOD Expr2
   57      | Expr2 . AND Expr2
   58      | Expr2 . OR Expr2
   59      | Expr2 . XOR Expr2
   59      | Expr2 XOR Expr2 .
   60      | Expr2 . LSHIFT Expr2
   61      | Expr2 . RSHIFT Expr2
   62      | Expr2 . EQ Expr2
   63      | Expr2 . GE Expr2
   64      | Expr2 . GT Expr2
   65      | Expr2 . LE Expr2
   66      | Expr2 . LT Expr2
   67      | Expr2 . NE Expr2

    STAR    fazer shift, e ir para o estado 106
    DIV     fazer shift, e ir para o estado 107
    EQ      fazer shift, e ir para o estado 108
    GE      fazer shift, e ir para o estado 109
    GT      fazer shift, e ir para o estado 110
    LE      fazer shift, e ir para o estado 111
    LT      fazer shift, e ir para o estado 112
    MINUS   fazer shift, e ir para o estado 113
    MOD     fazer shift, e ir para o estado 114
    NE      fazer shift, e ir para o estado 115
    PLUS    fazer shift, e ir para o estado 117
    LSHIFT  fazer shift, e ir para o estado 118
    RSHIFT  fazer shift, e ir para o estado 119

    $default  reduzir usando a regra 59 (Expr2)


Estado150

   30 Statement: WHILE LPAR Expr RPAR . Statement

    error      fazer shift, e ir para o estado 37
    ID         fazer shift, e ir para o estado 38
    LBRACE     fazer shift, e ir para o estado 39
    SEMICOLON  fazer shift, e ir para o estado 41
    IF         fazer shift, e ir para o estado 42
    PRINT      fazer shift, e ir para o estado 43
    PARSEINT   fazer shift, e ir para o estado 44
    RETURN     fazer shift, e ir para o estado 45
    WHILE      fazer shift, e ir para o estado 46

    Statement         ir para o estado 159
    MethodInvocation  ir para o estado 50
    Assignment        ir para o estado 51
    ParseArgs         ir para o estado 52


Estado151

   26 VarDecl: Type ID CommaID SEMICOLON .

    $default  reduzir usando a regra 26 (VarDecl)


Estado152

   21 CommaTypeID: CommaTypeID COMMA Type . ID

    ID  fazer shift, e ir para o estado 160


Estado153

   46 CommaExpr: CommaExpr COMMA . Expr

    ID        fazer shift, e ir para o estado 65
    INTLIT    fazer shift, e ir para o estado 66
    REALLIT   fazer shift, e ir para o estado 67
    BOOLLIT   fazer shift, e ir para o estado 68
    LPAR      fazer shift, e ir para o estado 69
    MINUS     fazer shift, e ir para o estado 70
    NOT       fazer shift, e ir para o estado 71
    PLUS      fazer shift, e ir para o estado 72
    PARSEINT  fazer shift, e ir para o estado 44

    MethodInvocation  ir para o estado 74
    Assignment        ir para o estado 75
    ParseArgs         ir para o estado 76
    Expr              ir para o estado 161
    Expr2             ir para o estado 78


Estado154

   42 MethodInvocation: ID LPAR Expr CommaExpr RPAR .

    $default  reduzir usando a regra 42 (MethodInvocation)


Estado155

   28 Statement: IF LPAR Expr RPAR Statement .
   29          | IF LPAR Expr RPAR Statement . ELSE Statement

    ELSE  fazer shift, e ir para o estado 162

    $default  reduzir usando a regra 28 (Statement)


Estado156

   38 Statement: PRINT LPAR STRLIT RPAR SEMICOLON .

    $default  reduzir usando a regra 38 (Statement)


Estado157

   37 Statement: PRINT LPAR Expr RPAR SEMICOLON .

    $default  reduzir usando a regra 37 (Statement)


Estado158

   48 ParseArgs: PARSEINT LPAR ID LSQ Expr . RSQ RPAR

    RSQ  fazer shift, e ir para o estado 163


Estado159

   30 Statement: WHILE LPAR Expr RPAR Statement .

    $default  reduzir usando a regra 30 (Statement)


Estado160

   21 CommaTypeID: CommaTypeID COMMA Type ID .

    $default  reduzir usando a regra 21 (CommaTypeID)


Estado161

   46 CommaExpr: CommaExpr COMMA Expr .

    $default  reduzir usando a regra 46 (CommaExpr)


Estado162

   29 Statement: IF LPAR Expr RPAR Statement ELSE . Statement

    error      fazer shift, e ir para o estado 37
    ID         fazer shift, e ir para o estado 38
    LBRACE     fazer shift, e ir para o estado 39
    SEMICOLON  fazer shift, e ir para o estado 41
    IF         fazer shift, e ir para o estado 42
    PRINT      fazer shift, e ir para o estado 43
    PARSEINT   fazer shift, e ir para o estado 44
    RETURN     fazer shift, e ir para o estado 45
    WHILE      fazer shift, e ir para o estado 46

    Statement         ir para o estado 164
    MethodInvocation  ir para o estado 50
    Assignment        ir para o estado 51
    ParseArgs         ir para o estado 52


Estado163

   48 ParseArgs: PARSEINT LPAR ID LSQ Expr RSQ . RPAR

    RPAR  fazer shift, e ir para o estado 165


Estado164

   29 Statement: IF LPAR Expr RPAR Statement ELSE Statement .

    $default  reduzir usando a regra 29 (Statement)


Estado165

   48 ParseArgs: PARSEINT LPAR ID LSQ Expr RSQ RPAR .

    $default  reduzir usando a regra 48 (ParseArgs)
